{"/home/bobwen/project/myblog/index.js":{"path":"/home/bobwen/project/myblog/index.js","s":{"1":1,"2":1,"3":1,"4":1,"5":1,"6":1,"7":1,"8":1,"9":1,"10":1,"11":1,"12":1,"13":1,"14":1,"15":1,"16":1,"17":1,"18":1,"19":1,"20":7,"21":7,"22":7,"23":7,"24":1,"25":1,"26":1,"27":1,"28":2,"29":2,"30":2,"31":1,"32":1,"33":0,"34":0},"b":{"1":[1,0]},"f":{"1":7,"2":2,"3":0},"fnMap":{"1":{"name":"(anonymous_1)","line":52,"loc":{"start":{"line":52,"column":8},"end":{"line":52,"column":34}}},"2":{"name":"(anonymous_2)","line":87,"loc":{"start":{"line":87,"column":8},"end":{"line":87,"column":39}}},"3":{"name":"(anonymous_3)","line":99,"loc":{"start":{"line":99,"column":26},"end":{"line":99,"column":38}}}},"statementMap":{"1":{"start":{"line":1,"column":0},"end":{"line":1,"column":28}},"2":{"start":{"line":2,"column":0},"end":{"line":2,"column":34}},"3":{"start":{"line":3,"column":0},"end":{"line":3,"column":42}},"4":{"start":{"line":4,"column":0},"end":{"line":4,"column":52}},"5":{"start":{"line":5,"column":0},"end":{"line":5,"column":38}},"6":{"start":{"line":6,"column":0},"end":{"line":6,"column":48}},"7":{"start":{"line":7,"column":0},"end":{"line":7,"column":34}},"8":{"start":{"line":8,"column":0},"end":{"line":8,"column":32}},"9":{"start":{"line":9,"column":0},"end":{"line":9,"column":34}},"10":{"start":{"line":10,"column":0},"end":{"line":10,"column":49}},"11":{"start":{"line":12,"column":0},"end":{"line":12,"column":21}},"12":{"start":{"line":17,"column":0},"end":{"line":17,"column":47}},"13":{"start":{"line":19,"column":0},"end":{"line":19,"column":29}},"14":{"start":{"line":22,"column":0},"end":{"line":22,"column":55}},"15":{"start":{"line":24,"column":0},"end":{"line":35,"column":3}},"16":{"start":{"line":37,"column":0},"end":{"line":40,"column":3}},"17":{"start":{"line":44,"column":0},"end":{"line":44,"column":16}},"18":{"start":{"line":46,"column":0},"end":{"line":49,"column":1}},"19":{"start":{"line":52,"column":0},"end":{"line":57,"column":2}},"20":{"start":{"line":53,"column":2},"end":{"line":53,"column":36}},"21":{"start":{"line":54,"column":2},"end":{"line":54,"column":54}},"22":{"start":{"line":55,"column":2},"end":{"line":55,"column":50}},"23":{"start":{"line":56,"column":2},"end":{"line":56,"column":8}},"24":{"start":{"line":61,"column":0},"end":{"line":71,"column":3}},"25":{"start":{"line":73,"column":0},"end":{"line":73,"column":11}},"26":{"start":{"line":75,"column":0},"end":{"line":85,"column":3}},"27":{"start":{"line":87,"column":0},"end":{"line":91,"column":2}},"28":{"start":{"line":88,"column":2},"end":{"line":88,"column":20}},"29":{"start":{"line":89,"column":2},"end":{"line":89,"column":33}},"30":{"start":{"line":90,"column":2},"end":{"line":90,"column":24}},"31":{"start":{"line":94,"column":0},"end":{"line":102,"column":1}},"32":{"start":{"line":96,"column":2},"end":{"line":96,"column":22}},"33":{"start":{"line":99,"column":2},"end":{"line":101,"column":4}},"34":{"start":{"line":100,"column":4},"end":{"line":100,"column":63}}},"branchMap":{"1":{"line":94,"type":"if","locations":[{"start":{"line":94,"column":0},"end":{"line":94,"column":0}},{"start":{"line":94,"column":0},"end":{"line":94,"column":0}}]}}},"/home/bobwen/project/myblog/config/default.js":{"path":"/home/bobwen/project/myblog/config/default.js","s":{"1":1},"b":{},"f":{},"fnMap":{},"statementMap":{"1":{"start":{"line":1,"column":0},"end":{"line":9,"column":1}}},"branchMap":{}},"/home/bobwen/project/myblog/routes/index.js":{"path":"/home/bobwen/project/myblog/routes/index.js","s":{"1":1,"2":1,"3":0,"4":1,"5":1,"6":1,"7":1,"8":1,"9":1,"10":0,"11":0},"b":{"1":[0,0]},"f":{"1":1,"2":0,"3":0},"fnMap":{"1":{"name":"(anonymous_1)","line":1,"loc":{"start":{"line":1,"column":17},"end":{"line":1,"column":32}}},"2":{"name":"(anonymous_2)","line":2,"loc":{"start":{"line":2,"column":15},"end":{"line":2,"column":35}}},"3":{"name":"(anonymous_3)","line":11,"loc":{"start":{"line":11,"column":10},"end":{"line":11,"column":30}}}},"statementMap":{"1":{"start":{"line":1,"column":0},"end":{"line":16,"column":1}},"2":{"start":{"line":2,"column":2},"end":{"line":4,"column":4}},"3":{"start":{"line":3,"column":4},"end":{"line":3,"column":26}},"4":{"start":{"line":5,"column":2},"end":{"line":5,"column":41}},"5":{"start":{"line":6,"column":2},"end":{"line":6,"column":41}},"6":{"start":{"line":7,"column":2},"end":{"line":7,"column":43}},"7":{"start":{"line":8,"column":2},"end":{"line":8,"column":39}},"8":{"start":{"line":9,"column":2},"end":{"line":9,"column":45}},"9":{"start":{"line":11,"column":2},"end":{"line":15,"column":4}},"10":{"start":{"line":12,"column":4},"end":{"line":14,"column":5}},"11":{"start":{"line":13,"column":6},"end":{"line":13,"column":35}}},"branchMap":{"1":{"line":12,"type":"if","locations":[{"start":{"line":12,"column":4},"end":{"line":12,"column":4}},{"start":{"line":12,"column":4},"end":{"line":12,"column":4}}]}}},"/home/bobwen/project/myblog/routes/signup.js":{"path":"/home/bobwen/project/myblog/routes/signup.js","s":{"1":1,"2":1,"3":1,"4":1,"5":1,"6":1,"7":1,"8":1,"9":0,"10":1,"11":4,"12":4,"13":4,"14":4,"15":4,"16":4,"17":4,"18":4,"19":0,"20":4,"21":2,"22":2,"23":0,"24":2,"25":0,"26":2,"27":0,"28":2,"29":0,"30":2,"31":0,"32":0,"33":2,"34":2,"35":2,"36":1,"37":1,"38":1,"39":1,"40":1,"41":1,"42":0,"43":0,"44":0,"45":0,"46":1},"b":{"1":[0,4],"2":[4,4],"3":[2,2],"4":[0,2],"5":[2,2],"6":[0,2],"7":[0,2],"8":[0,2],"9":[0,0]},"f":{"1":0,"2":4,"3":1,"4":1},"fnMap":{"1":{"name":"(anonymous_1)","line":11,"loc":{"start":{"line":11,"column":31},"end":{"line":11,"column":57}}},"2":{"name":"(anonymous_2)","line":16,"loc":{"start":{"line":16,"column":32},"end":{"line":16,"column":58}}},"3":{"name":"(anonymous_3)","line":64,"loc":{"start":{"line":64,"column":10},"end":{"line":64,"column":28}}},"4":{"name":"(anonymous_4)","line":75,"loc":{"start":{"line":75,"column":11},"end":{"line":75,"column":24}}}},"statementMap":{"1":{"start":{"line":1,"column":0},"end":{"line":1,"column":24}},"2":{"start":{"line":2,"column":0},"end":{"line":2,"column":28}},"3":{"start":{"line":3,"column":0},"end":{"line":3,"column":28}},"4":{"start":{"line":4,"column":0},"end":{"line":4,"column":34}},"5":{"start":{"line":5,"column":0},"end":{"line":5,"column":31}},"6":{"start":{"line":7,"column":0},"end":{"line":7,"column":44}},"7":{"start":{"line":8,"column":0},"end":{"line":8,"column":67}},"8":{"start":{"line":11,"column":0},"end":{"line":13,"column":2}},"9":{"start":{"line":12,"column":2},"end":{"line":12,"column":22}},"10":{"start":{"line":16,"column":0},"end":{"line":85,"column":2}},"11":{"start":{"line":17,"column":2},"end":{"line":17,"column":30}},"12":{"start":{"line":18,"column":2},"end":{"line":18,"column":34}},"13":{"start":{"line":19,"column":2},"end":{"line":19,"column":28}},"14":{"start":{"line":20,"column":2},"end":{"line":20,"column":60}},"15":{"start":{"line":21,"column":2},"end":{"line":21,"column":36}},"16":{"start":{"line":22,"column":2},"end":{"line":22,"column":42}},"17":{"start":{"line":25,"column":2},"end":{"line":49,"column":3}},"18":{"start":{"line":26,"column":4},"end":{"line":28,"column":5}},"19":{"start":{"line":27,"column":6},"end":{"line":27,"column":40}},"20":{"start":{"line":29,"column":4},"end":{"line":31,"column":5}},"21":{"start":{"line":30,"column":6},"end":{"line":30,"column":38}},"22":{"start":{"line":32,"column":4},"end":{"line":34,"column":5}},"23":{"start":{"line":33,"column":6},"end":{"line":33,"column":42}},"24":{"start":{"line":35,"column":4},"end":{"line":37,"column":5}},"25":{"start":{"line":36,"column":6},"end":{"line":36,"column":29}},"26":{"start":{"line":38,"column":4},"end":{"line":40,"column":5}},"27":{"start":{"line":39,"column":6},"end":{"line":39,"column":35}},"28":{"start":{"line":41,"column":4},"end":{"line":43,"column":5}},"29":{"start":{"line":42,"column":6},"end":{"line":42,"column":34}},"30":{"start":{"line":46,"column":4},"end":{"line":46,"column":36}},"31":{"start":{"line":47,"column":4},"end":{"line":47,"column":33}},"32":{"start":{"line":48,"column":4},"end":{"line":48,"column":34}},"33":{"start":{"line":52,"column":2},"end":{"line":52,"column":27}},"34":{"start":{"line":55,"column":2},"end":{"line":61,"column":3}},"35":{"start":{"line":63,"column":2},"end":{"line":84,"column":6}},"36":{"start":{"line":66,"column":6},"end":{"line":66,"column":26}},"37":{"start":{"line":68,"column":6},"end":{"line":68,"column":26}},"38":{"start":{"line":69,"column":6},"end":{"line":69,"column":29}},"39":{"start":{"line":71,"column":6},"end":{"line":71,"column":34}},"40":{"start":{"line":73,"column":6},"end":{"line":73,"column":28}},"41":{"start":{"line":77,"column":6},"end":{"line":77,"column":38}},"42":{"start":{"line":79,"column":6},"end":{"line":82,"column":7}},"43":{"start":{"line":80,"column":8},"end":{"line":80,"column":37}},"44":{"start":{"line":81,"column":8},"end":{"line":81,"column":38}},"45":{"start":{"line":83,"column":6},"end":{"line":83,"column":13}},"46":{"start":{"line":87,"column":0},"end":{"line":87,"column":23}}},"branchMap":{"1":{"line":26,"type":"if","locations":[{"start":{"line":26,"column":4},"end":{"line":26,"column":4}},{"start":{"line":26,"column":4},"end":{"line":26,"column":4}}]},"2":{"line":26,"type":"binary-expr","locations":[{"start":{"line":26,"column":10},"end":{"line":26,"column":26}},{"start":{"line":26,"column":30},"end":{"line":26,"column":47}}]},"3":{"line":29,"type":"if","locations":[{"start":{"line":29,"column":4},"end":{"line":29,"column":4}},{"start":{"line":29,"column":4},"end":{"line":29,"column":4}}]},"4":{"line":32,"type":"if","locations":[{"start":{"line":32,"column":4},"end":{"line":32,"column":4}},{"start":{"line":32,"column":4},"end":{"line":32,"column":4}}]},"5":{"line":32,"type":"binary-expr","locations":[{"start":{"line":32,"column":10},"end":{"line":32,"column":25}},{"start":{"line":32,"column":29},"end":{"line":32,"column":45}}]},"6":{"line":35,"type":"if","locations":[{"start":{"line":35,"column":4},"end":{"line":35,"column":4}},{"start":{"line":35,"column":4},"end":{"line":35,"column":4}}]},"7":{"line":38,"type":"if","locations":[{"start":{"line":38,"column":4},"end":{"line":38,"column":4}},{"start":{"line":38,"column":4},"end":{"line":38,"column":4}}]},"8":{"line":41,"type":"if","locations":[{"start":{"line":41,"column":4},"end":{"line":41,"column":4}},{"start":{"line":41,"column":4},"end":{"line":41,"column":4}}]},"9":{"line":79,"type":"if","locations":[{"start":{"line":79,"column":6},"end":{"line":79,"column":6}},{"start":{"line":79,"column":6},"end":{"line":79,"column":6}}]}}},"/home/bobwen/project/myblog/models/users.js":{"path":"/home/bobwen/project/myblog/models/users.js","s":{"1":1,"2":1,"3":2,"4":0},"b":{},"f":{"1":2,"2":0},"fnMap":{"1":{"name":"create","line":5,"loc":{"start":{"line":5,"column":10},"end":{"line":5,"column":33}}},"2":{"name":"getUserByName","line":10,"loc":{"start":{"line":10,"column":17},"end":{"line":10,"column":47}}}},"statementMap":{"1":{"start":{"line":1,"column":0},"end":{"line":1,"column":41}},"2":{"start":{"line":3,"column":0},"end":{"line":16,"column":1}},"3":{"start":{"line":6,"column":4},"end":{"line":6,"column":35}},"4":{"start":{"line":11,"column":4},"end":{"line":14,"column":13}}},"branchMap":{}},"/home/bobwen/project/myblog/lib/mongo.js":{"path":"/home/bobwen/project/myblog/lib/mongo.js","s":{"1":1,"2":1,"3":1,"4":1,"5":1,"6":1,"7":1,"8":1,"9":1,"10":3,"11":6,"12":3,"13":0,"14":0,"15":0,"16":1,"17":1,"18":1,"19":1},"b":{"1":[0,0]},"f":{"1":3,"2":6,"3":0},"fnMap":{"1":{"name":"(anonymous_1)","line":21,"loc":{"start":{"line":21,"column":13},"end":{"line":21,"column":32}}},"2":{"name":"(anonymous_2)","line":22,"loc":{"start":{"line":22,"column":20},"end":{"line":22,"column":36}}},"3":{"name":"(anonymous_3)","line":27,"loc":{"start":{"line":27,"column":16},"end":{"line":27,"column":34}}}},"statementMap":{"1":{"start":{"line":1,"column":0},"end":{"line":1,"column":48}},"2":{"start":{"line":2,"column":0},"end":{"line":2,"column":38}},"3":{"start":{"line":3,"column":0},"end":{"line":3,"column":33}},"4":{"start":{"line":4,"column":0},"end":{"line":4,"column":33}},"5":{"start":{"line":6,"column":0},"end":{"line":12,"column":2}},"6":{"start":{"line":13,"column":0},"end":{"line":13,"column":56}},"7":{"start":{"line":16,"column":0},"end":{"line":16,"column":32}},"8":{"start":{"line":17,"column":0},"end":{"line":17,"column":60}},"9":{"start":{"line":20,"column":0},"end":{"line":33,"column":2}},"10":{"start":{"line":22,"column":4},"end":{"line":24,"column":6}},"11":{"start":{"line":23,"column":6},"end":{"line":23,"column":88}},"12":{"start":{"line":25,"column":4},"end":{"line":25,"column":18}},"13":{"start":{"line":28,"column":4},"end":{"line":30,"column":5}},"14":{"start":{"line":29,"column":6},"end":{"line":29,"column":92}},"15":{"start":{"line":31,"column":4},"end":{"line":31,"column":17}},"16":{"start":{"line":35,"column":0},"end":{"line":40,"column":2}},"17":{"start":{"line":41,"column":0},"end":{"line":41,"column":49}},"18":{"start":{"line":44,"column":0},"end":{"line":48,"column":2}},"19":{"start":{"line":50,"column":0},"end":{"line":50,"column":51}}},"branchMap":{"1":{"line":28,"type":"if","locations":[{"start":{"line":28,"column":4},"end":{"line":28,"column":4}},{"start":{"line":28,"column":4},"end":{"line":28,"column":4}}]}}},"/home/bobwen/project/myblog/middlewares/check.js":{"path":"/home/bobwen/project/myblog/middlewares/check.js","s":{"1":1,"2":0,"3":0,"4":0,"5":0,"6":4,"7":0,"8":0,"9":4},"b":{"1":[0,0],"2":[0,4]},"f":{"1":0,"2":4},"fnMap":{"1":{"name":"checkLogin","line":2,"loc":{"start":{"line":2,"column":14},"end":{"line":2,"column":51}}},"2":{"name":"checkNotLogin","line":10,"loc":{"start":{"line":10,"column":17},"end":{"line":10,"column":57}}}},"statementMap":{"1":{"start":{"line":1,"column":0},"end":{"line":17,"column":1}},"2":{"start":{"line":3,"column":4},"end":{"line":6,"column":5}},"3":{"start":{"line":4,"column":6},"end":{"line":4,"column":31}},"4":{"start":{"line":5,"column":6},"end":{"line":5,"column":36}},"5":{"start":{"line":7,"column":4},"end":{"line":7,"column":10}},"6":{"start":{"line":11,"column":4},"end":{"line":14,"column":5}},"7":{"start":{"line":12,"column":6},"end":{"line":12,"column":31}},"8":{"start":{"line":13,"column":6},"end":{"line":13,"column":33}},"9":{"start":{"line":15,"column":4},"end":{"line":15,"column":10}}},"branchMap":{"1":{"line":3,"type":"if","locations":[{"start":{"line":3,"column":4},"end":{"line":3,"column":4}},{"start":{"line":3,"column":4},"end":{"line":3,"column":4}}]},"2":{"line":11,"type":"if","locations":[{"start":{"line":11,"column":4},"end":{"line":11,"column":4}},{"start":{"line":11,"column":4},"end":{"line":11,"column":4}}]}}},"/home/bobwen/project/myblog/routes/signin.js":{"path":"/home/bobwen/project/myblog/routes/signin.js","s":{"1":1,"2":1,"3":1,"4":1,"5":1,"6":1,"7":0,"8":1,"9":0,"10":0,"11":0,"12":0,"13":0,"14":0,"15":0,"16":0,"17":0,"18":0,"19":0,"20":0,"21":0,"22":0,"23":0,"24":0,"25":0,"26":0,"27":0,"28":0,"29":1},"b":{"1":[0,0],"2":[0,0],"3":[0,0],"4":[0,0]},"f":{"1":0,"2":0,"3":0},"fnMap":{"1":{"name":"(anonymous_1)","line":9,"loc":{"start":{"line":9,"column":31},"end":{"line":9,"column":57}}},"2":{"name":"(anonymous_2)","line":14,"loc":{"start":{"line":14,"column":32},"end":{"line":14,"column":58}}},"3":{"name":"(anonymous_3)","line":32,"loc":{"start":{"line":32,"column":10},"end":{"line":32,"column":26}}}},"statementMap":{"1":{"start":{"line":1,"column":0},"end":{"line":1,"column":28}},"2":{"start":{"line":2,"column":0},"end":{"line":2,"column":34}},"3":{"start":{"line":3,"column":0},"end":{"line":3,"column":31}},"4":{"start":{"line":5,"column":0},"end":{"line":5,"column":44}},"5":{"start":{"line":6,"column":0},"end":{"line":6,"column":67}},"6":{"start":{"line":9,"column":0},"end":{"line":11,"column":2}},"7":{"start":{"line":10,"column":2},"end":{"line":10,"column":22}},"8":{"start":{"line":14,"column":0},"end":{"line":50,"column":2}},"9":{"start":{"line":15,"column":2},"end":{"line":15,"column":30}},"10":{"start":{"line":16,"column":2},"end":{"line":16,"column":38}},"11":{"start":{"line":19,"column":2},"end":{"line":29,"column":3}},"12":{"start":{"line":20,"column":4},"end":{"line":22,"column":5}},"13":{"start":{"line":21,"column":6},"end":{"line":21,"column":31}},"14":{"start":{"line":23,"column":4},"end":{"line":25,"column":5}},"15":{"start":{"line":24,"column":6},"end":{"line":24,"column":30}},"16":{"start":{"line":27,"column":4},"end":{"line":27,"column":33}},"17":{"start":{"line":28,"column":4},"end":{"line":28,"column":31}},"18":{"start":{"line":31,"column":2},"end":{"line":49,"column":16}},"19":{"start":{"line":33,"column":6},"end":{"line":36,"column":7}},"20":{"start":{"line":34,"column":8},"end":{"line":34,"column":35}},"21":{"start":{"line":35,"column":8},"end":{"line":35,"column":35}},"22":{"start":{"line":38,"column":6},"end":{"line":41,"column":7}},"23":{"start":{"line":39,"column":8},"end":{"line":39,"column":38}},"24":{"start":{"line":40,"column":8},"end":{"line":40,"column":35}},"25":{"start":{"line":42,"column":6},"end":{"line":42,"column":34}},"26":{"start":{"line":44,"column":6},"end":{"line":44,"column":26}},"27":{"start":{"line":45,"column":6},"end":{"line":45,"column":29}},"28":{"start":{"line":47,"column":6},"end":{"line":47,"column":28}},"29":{"start":{"line":52,"column":0},"end":{"line":52,"column":23}}},"branchMap":{"1":{"line":20,"type":"if","locations":[{"start":{"line":20,"column":4},"end":{"line":20,"column":4}},{"start":{"line":20,"column":4},"end":{"line":20,"column":4}}]},"2":{"line":23,"type":"if","locations":[{"start":{"line":23,"column":4},"end":{"line":23,"column":4}},{"start":{"line":23,"column":4},"end":{"line":23,"column":4}}]},"3":{"line":33,"type":"if","locations":[{"start":{"line":33,"column":6},"end":{"line":33,"column":6}},{"start":{"line":33,"column":6},"end":{"line":33,"column":6}}]},"4":{"line":38,"type":"if","locations":[{"start":{"line":38,"column":6},"end":{"line":38,"column":6}},{"start":{"line":38,"column":6},"end":{"line":38,"column":6}}]}}},"/home/bobwen/project/myblog/routes/signout.js":{"path":"/home/bobwen/project/myblog/routes/signout.js","s":{"1":1,"2":1,"3":1,"4":1,"5":0,"6":0,"7":0,"8":1},"b":{},"f":{"1":0},"fnMap":{"1":{"name":"(anonymous_1)","line":7,"loc":{"start":{"line":7,"column":28},"end":{"line":7,"column":54}}}},"statementMap":{"1":{"start":{"line":1,"column":0},"end":{"line":1,"column":34}},"2":{"start":{"line":2,"column":0},"end":{"line":2,"column":31}},"3":{"start":{"line":4,"column":0},"end":{"line":4,"column":61}},"4":{"start":{"line":7,"column":0},"end":{"line":13,"column":2}},"5":{"start":{"line":9,"column":2},"end":{"line":9,"column":25}},"6":{"start":{"line":10,"column":2},"end":{"line":10,"column":30}},"7":{"start":{"line":12,"column":2},"end":{"line":12,"column":24}},"8":{"start":{"line":15,"column":0},"end":{"line":15,"column":23}}},"branchMap":{}},"/home/bobwen/project/myblog/routes/posts.js":{"path":"/home/bobwen/project/myblog/routes/posts.js","s":{"1":1,"2":1,"3":1,"4":1,"5":1,"6":1,"7":3,"8":3,"9":3,"10":1,"11":0,"12":0,"13":0,"14":0,"15":0,"16":0,"17":0,"18":0,"19":0,"20":0,"21":0,"22":0,"23":0,"24":0,"25":0,"26":1,"27":0,"28":1,"29":0,"30":0,"31":0,"32":0,"33":0,"34":0,"35":0,"36":1,"37":0,"38":0,"39":0,"40":0,"41":0,"42":0,"43":0,"44":0,"45":1,"46":0,"47":0,"48":0,"49":0,"50":0,"51":0,"52":0,"53":0,"54":0,"55":0,"56":0,"57":0,"58":0,"59":0,"60":0,"61":0,"62":0,"63":0,"64":0,"65":1,"66":0,"67":0,"68":0,"69":0,"70":0,"71":0,"72":0,"73":0,"74":0,"75":0,"76":1},"b":{"1":[0,0],"2":[0,0],"3":[0,0],"4":[0,0],"5":[0,0],"6":[0,0],"7":[0,0],"8":[0,0],"9":[0,0],"10":[0,0],"11":[0,0]},"f":{"1":3,"2":3,"3":0,"4":0,"5":0,"6":0,"7":0,"8":0,"9":0,"10":0,"11":0,"12":0,"13":0,"14":0,"15":0},"fnMap":{"1":{"name":"(anonymous_1)","line":10,"loc":{"start":{"line":10,"column":16},"end":{"line":10,"column":42}}},"2":{"name":"(anonymous_2)","line":14,"loc":{"start":{"line":14,"column":10},"end":{"line":14,"column":27}}},"3":{"name":"(anonymous_3)","line":23,"loc":{"start":{"line":23,"column":35},"end":{"line":23,"column":61}}},"4":{"name":"(anonymous_4)","line":48,"loc":{"start":{"line":48,"column":10},"end":{"line":48,"column":28}}},"5":{"name":"(anonymous_5)","line":59,"loc":{"start":{"line":59,"column":34},"end":{"line":59,"column":60}}},"6":{"name":"(anonymous_6)","line":64,"loc":{"start":{"line":64,"column":23},"end":{"line":64,"column":49}}},"7":{"name":"(anonymous_7)","line":72,"loc":{"start":{"line":72,"column":10},"end":{"line":72,"column":28}}},"8":{"name":"(anonymous_8)","line":87,"loc":{"start":{"line":87,"column":40},"end":{"line":87,"column":66}}},"9":{"name":"(anonymous_9)","line":92,"loc":{"start":{"line":92,"column":10},"end":{"line":92,"column":26}}},"10":{"name":"(anonymous_10)","line":107,"loc":{"start":{"line":107,"column":41},"end":{"line":107,"column":67}}},"11":{"name":"(anonymous_11)","line":127,"loc":{"start":{"line":127,"column":10},"end":{"line":127,"column":26}}},"12":{"name":"(anonymous_12)","line":135,"loc":{"start":{"line":135,"column":14},"end":{"line":135,"column":26}}},"13":{"name":"(anonymous_13)","line":145,"loc":{"start":{"line":145,"column":42},"end":{"line":145,"column":68}}},"14":{"name":"(anonymous_14)","line":150,"loc":{"start":{"line":150,"column":10},"end":{"line":150,"column":26}}},"15":{"name":"(anonymous_15)","line":158,"loc":{"start":{"line":158,"column":14},"end":{"line":158,"column":26}}}},"statementMap":{"1":{"start":{"line":1,"column":0},"end":{"line":1,"column":44}},"2":{"start":{"line":2,"column":0},"end":{"line":2,"column":50}},"3":{"start":{"line":3,"column":0},"end":{"line":3,"column":34}},"4":{"start":{"line":4,"column":0},"end":{"line":4,"column":31}},"5":{"start":{"line":6,"column":0},"end":{"line":6,"column":61}},"6":{"start":{"line":10,"column":0},"end":{"line":20,"column":2}},"7":{"start":{"line":11,"column":2},"end":{"line":11,"column":33}},"8":{"start":{"line":13,"column":2},"end":{"line":19,"column":16}},"9":{"start":{"line":15,"column":6},"end":{"line":17,"column":8}},"10":{"start":{"line":23,"column":0},"end":{"line":56,"column":2}},"11":{"start":{"line":24,"column":2},"end":{"line":24,"column":37}},"12":{"start":{"line":25,"column":2},"end":{"line":25,"column":32}},"13":{"start":{"line":26,"column":2},"end":{"line":26,"column":36}},"14":{"start":{"line":29,"column":2},"end":{"line":39,"column":3}},"15":{"start":{"line":30,"column":4},"end":{"line":32,"column":5}},"16":{"start":{"line":31,"column":6},"end":{"line":31,"column":30}},"17":{"start":{"line":33,"column":4},"end":{"line":35,"column":5}},"18":{"start":{"line":34,"column":6},"end":{"line":34,"column":30}},"19":{"start":{"line":37,"column":4},"end":{"line":37,"column":33}},"20":{"start":{"line":38,"column":4},"end":{"line":38,"column":31}},"21":{"start":{"line":41,"column":2},"end":{"line":45,"column":3}},"22":{"start":{"line":47,"column":2},"end":{"line":55,"column":16}},"23":{"start":{"line":50,"column":6},"end":{"line":50,"column":26}},"24":{"start":{"line":51,"column":6},"end":{"line":51,"column":34}},"25":{"start":{"line":53,"column":6},"end":{"line":53,"column":40}},"26":{"start":{"line":59,"column":0},"end":{"line":61,"column":2}},"27":{"start":{"line":60,"column":2},"end":{"line":60,"column":22}},"28":{"start":{"line":64,"column":0},"end":{"line":84,"column":2}},"29":{"start":{"line":65,"column":2},"end":{"line":65,"column":34}},"30":{"start":{"line":67,"column":2},"end":{"line":83,"column":16}},"31":{"start":{"line":73,"column":6},"end":{"line":73,"column":28}},"32":{"start":{"line":74,"column":6},"end":{"line":74,"column":32}},"33":{"start":{"line":75,"column":6},"end":{"line":77,"column":7}},"34":{"start":{"line":76,"column":8},"end":{"line":76,"column":33}},"35":{"start":{"line":78,"column":6},"end":{"line":81,"column":8}},"36":{"start":{"line":87,"column":0},"end":{"line":104,"column":2}},"37":{"start":{"line":88,"column":2},"end":{"line":88,"column":34}},"38":{"start":{"line":89,"column":2},"end":{"line":89,"column":37}},"39":{"start":{"line":91,"column":2},"end":{"line":103,"column":16}},"40":{"start":{"line":93,"column":6},"end":{"line":95,"column":7}},"41":{"start":{"line":94,"column":8},"end":{"line":94,"column":33}},"42":{"start":{"line":96,"column":6},"end":{"line":98,"column":7}},"43":{"start":{"line":97,"column":8},"end":{"line":97,"column":31}},"44":{"start":{"line":99,"column":6},"end":{"line":101,"column":8}},"45":{"start":{"line":107,"column":0},"end":{"line":142,"column":2}},"46":{"start":{"line":108,"column":2},"end":{"line":108,"column":34}},"47":{"start":{"line":109,"column":2},"end":{"line":109,"column":37}},"48":{"start":{"line":110,"column":2},"end":{"line":110,"column":32}},"49":{"start":{"line":111,"column":2},"end":{"line":111,"column":36}},"50":{"start":{"line":114,"column":2},"end":{"line":124,"column":3}},"51":{"start":{"line":115,"column":4},"end":{"line":117,"column":5}},"52":{"start":{"line":116,"column":6},"end":{"line":116,"column":30}},"53":{"start":{"line":118,"column":4},"end":{"line":120,"column":5}},"54":{"start":{"line":119,"column":6},"end":{"line":119,"column":30}},"55":{"start":{"line":122,"column":4},"end":{"line":122,"column":33}},"56":{"start":{"line":123,"column":4},"end":{"line":123,"column":31}},"57":{"start":{"line":126,"column":2},"end":{"line":141,"column":6}},"58":{"start":{"line":128,"column":6},"end":{"line":130,"column":7}},"59":{"start":{"line":129,"column":8},"end":{"line":129,"column":32}},"60":{"start":{"line":131,"column":6},"end":{"line":133,"column":7}},"61":{"start":{"line":132,"column":8},"end":{"line":132,"column":31}},"62":{"start":{"line":134,"column":6},"end":{"line":140,"column":20}},"63":{"start":{"line":136,"column":10},"end":{"line":136,"column":40}},"64":{"start":{"line":138,"column":10},"end":{"line":138,"column":42}},"65":{"start":{"line":145,"column":0},"end":{"line":165,"column":2}},"66":{"start":{"line":146,"column":2},"end":{"line":146,"column":34}},"67":{"start":{"line":147,"column":2},"end":{"line":147,"column":37}},"68":{"start":{"line":149,"column":2},"end":{"line":164,"column":6}},"69":{"start":{"line":151,"column":6},"end":{"line":153,"column":7}},"70":{"start":{"line":152,"column":8},"end":{"line":152,"column":32}},"71":{"start":{"line":154,"column":6},"end":{"line":156,"column":7}},"72":{"start":{"line":155,"column":8},"end":{"line":155,"column":31}},"73":{"start":{"line":157,"column":6},"end":{"line":163,"column":20}},"74":{"start":{"line":159,"column":10},"end":{"line":159,"column":40}},"75":{"start":{"line":161,"column":10},"end":{"line":161,"column":32}},"76":{"start":{"line":168,"column":0},"end":{"line":168,"column":23}}},"branchMap":{"1":{"line":30,"type":"if","locations":[{"start":{"line":30,"column":4},"end":{"line":30,"column":4}},{"start":{"line":30,"column":4},"end":{"line":30,"column":4}}]},"2":{"line":33,"type":"if","locations":[{"start":{"line":33,"column":4},"end":{"line":33,"column":4}},{"start":{"line":33,"column":4},"end":{"line":33,"column":4}}]},"3":{"line":75,"type":"if","locations":[{"start":{"line":75,"column":6},"end":{"line":75,"column":6}},{"start":{"line":75,"column":6},"end":{"line":75,"column":6}}]},"4":{"line":93,"type":"if","locations":[{"start":{"line":93,"column":6},"end":{"line":93,"column":6}},{"start":{"line":93,"column":6},"end":{"line":93,"column":6}}]},"5":{"line":96,"type":"if","locations":[{"start":{"line":96,"column":6},"end":{"line":96,"column":6}},{"start":{"line":96,"column":6},"end":{"line":96,"column":6}}]},"6":{"line":115,"type":"if","locations":[{"start":{"line":115,"column":4},"end":{"line":115,"column":4}},{"start":{"line":115,"column":4},"end":{"line":115,"column":4}}]},"7":{"line":118,"type":"if","locations":[{"start":{"line":118,"column":4},"end":{"line":118,"column":4}},{"start":{"line":118,"column":4},"end":{"line":118,"column":4}}]},"8":{"line":128,"type":"if","locations":[{"start":{"line":128,"column":6},"end":{"line":128,"column":6}},{"start":{"line":128,"column":6},"end":{"line":128,"column":6}}]},"9":{"line":131,"type":"if","locations":[{"start":{"line":131,"column":6},"end":{"line":131,"column":6}},{"start":{"line":131,"column":6},"end":{"line":131,"column":6}}]},"10":{"line":151,"type":"if","locations":[{"start":{"line":151,"column":6},"end":{"line":151,"column":6}},{"start":{"line":151,"column":6},"end":{"line":151,"column":6}}]},"11":{"line":154,"type":"if","locations":[{"start":{"line":154,"column":6},"end":{"line":154,"column":6}},{"start":{"line":154,"column":6},"end":{"line":154,"column":6}}]}}},"/home/bobwen/project/myblog/models/posts.js":{"path":"/home/bobwen/project/myblog/models/posts.js","s":{"1":1,"2":1,"3":1,"4":1,"5":3,"6":6,"7":6,"8":0,"9":0,"10":0,"11":1,"12":3,"13":6,"14":6,"15":6,"16":0,"17":0,"18":0,"19":0,"20":0,"21":1,"22":0,"23":0,"24":3,"25":3,"26":0,"27":3,"28":0,"29":0,"30":0,"31":0,"32":0,"33":0},"b":{"1":[0,0],"2":[0,0],"3":[0,3],"4":[0,0],"5":[0,0]},"f":{"1":3,"2":6,"3":0,"4":3,"5":6,"6":6,"7":0,"8":0,"9":0,"10":0,"11":3,"12":0,"13":0,"14":0,"15":0,"16":0},"fnMap":{"1":{"name":"(anonymous_1)","line":8,"loc":{"start":{"line":8,"column":13},"end":{"line":8,"column":30}}},"2":{"name":"(anonymous_2)","line":9,"loc":{"start":{"line":9,"column":21},"end":{"line":9,"column":37}}},"3":{"name":"(anonymous_3)","line":14,"loc":{"start":{"line":14,"column":16},"end":{"line":14,"column":32}}},"4":{"name":"(anonymous_4)","line":24,"loc":{"start":{"line":24,"column":13},"end":{"line":24,"column":30}}},"5":{"name":"(anonymous_5)","line":25,"loc":{"start":{"line":25,"column":33},"end":{"line":25,"column":49}}},"6":{"name":"(anonymous_6)","line":26,"loc":{"start":{"line":26,"column":58},"end":{"line":26,"column":83}}},"7":{"name":"(anonymous_7)","line":32,"loc":{"start":{"line":32,"column":16},"end":{"line":32,"column":32}}},"8":{"name":"(anonymous_8)","line":34,"loc":{"start":{"line":34,"column":58},"end":{"line":34,"column":75}}},"9":{"name":"create","line":45,"loc":{"start":{"line":45,"column":10},"end":{"line":45,"column":32}}},"10":{"name":"getPostById","line":50,"loc":{"start":{"line":50,"column":15},"end":{"line":50,"column":44}}},"11":{"name":"getPosts","line":61,"loc":{"start":{"line":61,"column":12},"end":{"line":61,"column":38}}},"12":{"name":"incPv","line":77,"loc":{"start":{"line":77,"column":9},"end":{"line":77,"column":32}}},"13":{"name":"getRawPostById","line":84,"loc":{"start":{"line":84,"column":18},"end":{"line":84,"column":50}}},"14":{"name":"updatePostById","line":92,"loc":{"start":{"line":92,"column":18},"end":{"line":92,"column":56}}},"15":{"name":"delPostById","line":98,"loc":{"start":{"line":98,"column":15},"end":{"line":98,"column":52}}},"16":{"name":"(anonymous_16)","line":101,"loc":{"start":{"line":101,"column":12},"end":{"line":101,"column":27}}}},"statementMap":{"1":{"start":{"line":1,"column":0},"end":{"line":1,"column":32}},"2":{"start":{"line":2,"column":0},"end":{"line":2,"column":41}},"3":{"start":{"line":3,"column":0},"end":{"line":3,"column":43}},"4":{"start":{"line":7,"column":0},"end":{"line":20,"column":2}},"5":{"start":{"line":9,"column":4},"end":{"line":12,"column":6}},"6":{"start":{"line":10,"column":6},"end":{"line":10,"column":41}},"7":{"start":{"line":11,"column":6},"end":{"line":11,"column":17}},"8":{"start":{"line":15,"column":4},"end":{"line":17,"column":5}},"9":{"start":{"line":16,"column":6},"end":{"line":16,"column":41}},"10":{"start":{"line":18,"column":4},"end":{"line":18,"column":15}},"11":{"start":{"line":23,"column":0},"end":{"line":41,"column":2}},"12":{"start":{"line":25,"column":4},"end":{"line":30,"column":7}},"13":{"start":{"line":26,"column":6},"end":{"line":29,"column":8}},"14":{"start":{"line":27,"column":8},"end":{"line":27,"column":42}},"15":{"start":{"line":28,"column":8},"end":{"line":28,"column":19}},"16":{"start":{"line":33,"column":4},"end":{"line":38,"column":5}},"17":{"start":{"line":34,"column":6},"end":{"line":37,"column":8}},"18":{"start":{"line":35,"column":8},"end":{"line":35,"column":34}},"19":{"start":{"line":36,"column":8},"end":{"line":36,"column":19}},"20":{"start":{"line":39,"column":4},"end":{"line":39,"column":15}},"21":{"start":{"line":43,"column":0},"end":{"line":108,"column":1}},"22":{"start":{"line":46,"column":4},"end":{"line":46,"column":35}},"23":{"start":{"line":51,"column":4},"end":{"line":57,"column":13}},"24":{"start":{"line":62,"column":4},"end":{"line":62,"column":20}},"25":{"start":{"line":63,"column":4},"end":{"line":65,"column":5}},"26":{"start":{"line":64,"column":6},"end":{"line":64,"column":27}},"27":{"start":{"line":66,"column":4},"end":{"line":73,"column":13}},"28":{"start":{"line":78,"column":4},"end":{"line":80,"column":13}},"29":{"start":{"line":85,"column":4},"end":{"line":88,"column":13}},"30":{"start":{"line":93,"column":4},"end":{"line":93,"column":58}},"31":{"start":{"line":99,"column":4},"end":{"line":106,"column":8}},"32":{"start":{"line":103,"column":8},"end":{"line":105,"column":9}},"33":{"start":{"line":104,"column":10},"end":{"line":104,"column":57}}},"branchMap":{"1":{"line":15,"type":"if","locations":[{"start":{"line":15,"column":4},"end":{"line":15,"column":4}},{"start":{"line":15,"column":4},"end":{"line":15,"column":4}}]},"2":{"line":33,"type":"if","locations":[{"start":{"line":33,"column":4},"end":{"line":33,"column":4}},{"start":{"line":33,"column":4},"end":{"line":33,"column":4}}]},"3":{"line":63,"type":"if","locations":[{"start":{"line":63,"column":4},"end":{"line":63,"column":4}},{"start":{"line":63,"column":4},"end":{"line":63,"column":4}}]},"4":{"line":103,"type":"if","locations":[{"start":{"line":103,"column":8},"end":{"line":103,"column":8}},{"start":{"line":103,"column":8},"end":{"line":103,"column":8}}]},"5":{"line":103,"type":"binary-expr","locations":[{"start":{"line":103,"column":12},"end":{"line":103,"column":25}},{"start":{"line":103,"column":29},"end":{"line":103,"column":45}}]}}},"/home/bobwen/project/myblog/models/comments.js":{"path":"/home/bobwen/project/myblog/models/comments.js","s":{"1":1,"2":1,"3":1,"4":0,"5":0,"6":0,"7":1,"8":0,"9":0,"10":0,"11":0,"12":0,"13":6},"b":{},"f":{"1":0,"2":0,"3":0,"4":0,"5":0,"6":0,"7":0,"8":6},"fnMap":{"1":{"name":"(anonymous_1)","line":6,"loc":{"start":{"line":6,"column":13},"end":{"line":6,"column":33}}},"2":{"name":"(anonymous_2)","line":7,"loc":{"start":{"line":7,"column":24},"end":{"line":7,"column":43}}},"3":{"name":"create","line":16,"loc":{"start":{"line":16,"column":10},"end":{"line":16,"column":36}}},"4":{"name":"getCommentById","line":21,"loc":{"start":{"line":21,"column":18},"end":{"line":21,"column":54}}},"5":{"name":"delCommentById","line":26,"loc":{"start":{"line":26,"column":18},"end":{"line":26,"column":54}}},"6":{"name":"delCommentsByPostId","line":31,"loc":{"start":{"line":31,"column":23},"end":{"line":31,"column":61}}},"7":{"name":"getComments","line":36,"loc":{"start":{"line":36,"column":15},"end":{"line":36,"column":45}}},"8":{"name":"getCommentsCount","line":47,"loc":{"start":{"line":47,"column":20},"end":{"line":47,"column":55}}}},"statementMap":{"1":{"start":{"line":1,"column":0},"end":{"line":1,"column":32}},"2":{"start":{"line":2,"column":0},"end":{"line":2,"column":47}},"3":{"start":{"line":5,"column":0},"end":{"line":12,"column":2}},"4":{"start":{"line":7,"column":4},"end":{"line":10,"column":6}},"5":{"start":{"line":8,"column":6},"end":{"line":8,"column":47}},"6":{"start":{"line":9,"column":6},"end":{"line":9,"column":20}},"7":{"start":{"line":14,"column":0},"end":{"line":50,"column":1}},"8":{"start":{"line":17,"column":4},"end":{"line":17,"column":41}},"9":{"start":{"line":22,"column":4},"end":{"line":22,"column":53}},"10":{"start":{"line":27,"column":4},"end":{"line":27,"column":55}},"11":{"start":{"line":32,"column":4},"end":{"line":32,"column":56}},"12":{"start":{"line":37,"column":4},"end":{"line":43,"column":13}},"13":{"start":{"line":48,"column":4},"end":{"line":48,"column":51}}},"branchMap":{}},"/home/bobwen/project/myblog/routes/comments.js":{"path":"/home/bobwen/project/myblog/routes/comments.js","s":{"1":1,"2":1,"3":1,"4":1,"5":1,"6":0,"7":0,"8":0,"9":0,"10":0,"11":0,"12":0,"13":0,"14":0,"15":0,"16":0,"17":0,"18":1,"19":0,"20":0,"21":0,"22":0,"23":0,"24":0,"25":0,"26":0,"27":0,"28":0,"29":1},"b":{"1":[0,0],"2":[0,0],"3":[0,0]},"f":{"1":0,"2":0,"3":0,"4":0,"5":0},"fnMap":{"1":{"name":"(anonymous_1)","line":8,"loc":{"start":{"line":8,"column":29},"end":{"line":8,"column":55}}},"2":{"name":"(anonymous_2)","line":30,"loc":{"start":{"line":30,"column":10},"end":{"line":30,"column":22}}},"3":{"name":"(anonymous_3)","line":39,"loc":{"start":{"line":39,"column":45},"end":{"line":39,"column":71}}},"4":{"name":"(anonymous_4)","line":44,"loc":{"start":{"line":44,"column":10},"end":{"line":44,"column":29}}},"5":{"name":"(anonymous_5)","line":52,"loc":{"start":{"line":52,"column":14},"end":{"line":52,"column":26}}}},"statementMap":{"1":{"start":{"line":1,"column":0},"end":{"line":1,"column":34}},"2":{"start":{"line":2,"column":0},"end":{"line":2,"column":31}},"3":{"start":{"line":4,"column":0},"end":{"line":4,"column":61}},"4":{"start":{"line":5,"column":0},"end":{"line":5,"column":50}},"5":{"start":{"line":8,"column":0},"end":{"line":36,"column":2}},"6":{"start":{"line":9,"column":2},"end":{"line":9,"column":37}},"7":{"start":{"line":10,"column":2},"end":{"line":10,"column":34}},"8":{"start":{"line":11,"column":2},"end":{"line":11,"column":36}},"9":{"start":{"line":14,"column":2},"end":{"line":21,"column":3}},"10":{"start":{"line":15,"column":4},"end":{"line":17,"column":5}},"11":{"start":{"line":16,"column":6},"end":{"line":16,"column":32}},"12":{"start":{"line":19,"column":4},"end":{"line":19,"column":33}},"13":{"start":{"line":20,"column":4},"end":{"line":20,"column":31}},"14":{"start":{"line":23,"column":2},"end":{"line":27,"column":3}},"15":{"start":{"line":29,"column":2},"end":{"line":35,"column":16}},"16":{"start":{"line":31,"column":6},"end":{"line":31,"column":34}},"17":{"start":{"line":33,"column":6},"end":{"line":33,"column":26}},"18":{"start":{"line":39,"column":0},"end":{"line":59,"column":2}},"19":{"start":{"line":40,"column":2},"end":{"line":40,"column":40}},"20":{"start":{"line":41,"column":2},"end":{"line":41,"column":37}},"21":{"start":{"line":43,"column":2},"end":{"line":58,"column":6}},"22":{"start":{"line":45,"column":6},"end":{"line":47,"column":7}},"23":{"start":{"line":46,"column":8},"end":{"line":46,"column":32}},"24":{"start":{"line":48,"column":6},"end":{"line":50,"column":7}},"25":{"start":{"line":49,"column":8},"end":{"line":49,"column":35}},"26":{"start":{"line":51,"column":6},"end":{"line":57,"column":20}},"27":{"start":{"line":53,"column":10},"end":{"line":53,"column":40}},"28":{"start":{"line":55,"column":10},"end":{"line":55,"column":30}},"29":{"start":{"line":61,"column":0},"end":{"line":61,"column":23}}},"branchMap":{"1":{"line":15,"type":"if","locations":[{"start":{"line":15,"column":4},"end":{"line":15,"column":4}},{"start":{"line":15,"column":4},"end":{"line":15,"column":4}}]},"2":{"line":45,"type":"if","locations":[{"start":{"line":45,"column":6},"end":{"line":45,"column":6}},{"start":{"line":45,"column":6},"end":{"line":45,"column":6}}]},"3":{"line":48,"type":"if","locations":[{"start":{"line":48,"column":6},"end":{"line":48,"column":6}},{"start":{"line":48,"column":6},"end":{"line":48,"column":6}}]}}}}