TN:
SF:/home/bobwen/project/myblog/index.js
FN:52,(anonymous_1)
FN:87,(anonymous_2)
FN:99,(anonymous_3)
FNF:3
FNH:2
FNDA:7,(anonymous_1)
FNDA:2,(anonymous_2)
FNDA:0,(anonymous_3)
DA:1,1
DA:2,1
DA:3,1
DA:4,1
DA:5,1
DA:6,1
DA:7,1
DA:8,1
DA:9,1
DA:10,1
DA:12,1
DA:17,1
DA:19,1
DA:22,1
DA:24,1
DA:37,1
DA:44,1
DA:46,1
DA:52,1
DA:53,7
DA:54,7
DA:55,7
DA:56,7
DA:61,1
DA:73,1
DA:75,1
DA:87,1
DA:88,2
DA:89,2
DA:90,2
DA:94,1
DA:96,1
DA:99,0
DA:100,0
LF:34
LH:32
BRDA:94,1,0,1
BRDA:94,1,1,0
BRF:2
BRH:1
end_of_record
TN:
SF:/home/bobwen/project/myblog/config/default.js
FNF:0
FNH:0
DA:1,1
LF:1
LH:1
BRF:0
BRH:0
end_of_record
TN:
SF:/home/bobwen/project/myblog/routes/index.js
FN:1,(anonymous_1)
FN:2,(anonymous_2)
FN:11,(anonymous_3)
FNF:3
FNH:1
FNDA:1,(anonymous_1)
FNDA:0,(anonymous_2)
FNDA:0,(anonymous_3)
DA:1,1
DA:2,1
DA:3,0
DA:5,1
DA:6,1
DA:7,1
DA:8,1
DA:9,1
DA:11,1
DA:12,0
DA:13,0
LF:11
LH:8
BRDA:12,1,0,0
BRDA:12,1,1,0
BRF:2
BRH:0
end_of_record
TN:
SF:/home/bobwen/project/myblog/routes/signup.js
FN:11,(anonymous_1)
FN:16,(anonymous_2)
FN:64,(anonymous_3)
FN:75,(anonymous_4)
FNF:4
FNH:3
FNDA:0,(anonymous_1)
FNDA:4,(anonymous_2)
FNDA:1,(anonymous_3)
FNDA:1,(anonymous_4)
DA:1,1
DA:2,1
DA:3,1
DA:4,1
DA:5,1
DA:7,1
DA:8,1
DA:11,1
DA:12,0
DA:16,1
DA:17,4
DA:18,4
DA:19,4
DA:20,4
DA:21,4
DA:22,4
DA:25,4
DA:26,4
DA:27,0
DA:29,4
DA:30,2
DA:32,2
DA:33,0
DA:35,2
DA:36,0
DA:38,2
DA:39,0
DA:41,2
DA:42,0
DA:46,2
DA:47,0
DA:48,0
DA:52,2
DA:55,2
DA:63,2
DA:66,1
DA:68,1
DA:69,1
DA:71,1
DA:73,1
DA:77,1
DA:79,0
DA:80,0
DA:81,0
DA:83,0
DA:87,1
LF:46
LH:34
BRDA:26,1,0,0
BRDA:26,1,1,4
BRDA:26,2,0,4
BRDA:26,2,1,4
BRDA:29,3,0,2
BRDA:29,3,1,2
BRDA:32,4,0,0
BRDA:32,4,1,2
BRDA:32,5,0,2
BRDA:32,5,1,2
BRDA:35,6,0,0
BRDA:35,6,1,2
BRDA:38,7,0,0
BRDA:38,7,1,2
BRDA:41,8,0,0
BRDA:41,8,1,2
BRDA:79,9,0,0
BRDA:79,9,1,0
BRF:18
BRH:11
end_of_record
TN:
SF:/home/bobwen/project/myblog/models/users.js
FN:5,create
FN:10,getUserByName
FNF:2
FNH:1
FNDA:2,create
FNDA:0,getUserByName
DA:1,1
DA:3,1
DA:6,2
DA:11,0
LF:4
LH:3
BRF:0
BRH:0
end_of_record
TN:
SF:/home/bobwen/project/myblog/lib/mongo.js
FN:21,(anonymous_1)
FN:22,(anonymous_2)
FN:27,(anonymous_3)
FNF:3
FNH:2
FNDA:3,(anonymous_1)
FNDA:6,(anonymous_2)
FNDA:0,(anonymous_3)
DA:1,1
DA:2,1
DA:3,1
DA:4,1
DA:6,1
DA:13,1
DA:16,1
DA:17,1
DA:20,1
DA:22,3
DA:23,6
DA:25,3
DA:28,0
DA:29,0
DA:31,0
DA:35,1
DA:41,1
DA:44,1
DA:50,1
LF:19
LH:16
BRDA:28,1,0,0
BRDA:28,1,1,0
BRF:2
BRH:0
end_of_record
TN:
SF:/home/bobwen/project/myblog/middlewares/check.js
FN:2,checkLogin
FN:10,checkNotLogin
FNF:2
FNH:1
FNDA:0,checkLogin
FNDA:4,checkNotLogin
DA:1,1
DA:3,0
DA:4,0
DA:5,0
DA:7,0
DA:11,4
DA:12,0
DA:13,0
DA:15,4
LF:9
LH:3
BRDA:3,1,0,0
BRDA:3,1,1,0
BRDA:11,2,0,0
BRDA:11,2,1,4
BRF:4
BRH:1
end_of_record
TN:
SF:/home/bobwen/project/myblog/routes/signin.js
FN:9,(anonymous_1)
FN:14,(anonymous_2)
FN:32,(anonymous_3)
FNF:3
FNH:0
FNDA:0,(anonymous_1)
FNDA:0,(anonymous_2)
FNDA:0,(anonymous_3)
DA:1,1
DA:2,1
DA:3,1
DA:5,1
DA:6,1
DA:9,1
DA:10,0
DA:14,1
DA:15,0
DA:16,0
DA:19,0
DA:20,0
DA:21,0
DA:23,0
DA:24,0
DA:27,0
DA:28,0
DA:31,0
DA:33,0
DA:34,0
DA:35,0
DA:38,0
DA:39,0
DA:40,0
DA:42,0
DA:44,0
DA:45,0
DA:47,0
DA:52,1
LF:29
LH:8
BRDA:20,1,0,0
BRDA:20,1,1,0
BRDA:23,2,0,0
BRDA:23,2,1,0
BRDA:33,3,0,0
BRDA:33,3,1,0
BRDA:38,4,0,0
BRDA:38,4,1,0
BRF:8
BRH:0
end_of_record
TN:
SF:/home/bobwen/project/myblog/routes/signout.js
FN:7,(anonymous_1)
FNF:1
FNH:0
FNDA:0,(anonymous_1)
DA:1,1
DA:2,1
DA:4,1
DA:7,1
DA:9,0
DA:10,0
DA:12,0
DA:15,1
LF:8
LH:5
BRF:0
BRH:0
end_of_record
TN:
SF:/home/bobwen/project/myblog/routes/posts.js
FN:10,(anonymous_1)
FN:14,(anonymous_2)
FN:23,(anonymous_3)
FN:48,(anonymous_4)
FN:59,(anonymous_5)
FN:64,(anonymous_6)
FN:72,(anonymous_7)
FN:87,(anonymous_8)
FN:92,(anonymous_9)
FN:107,(anonymous_10)
FN:127,(anonymous_11)
FN:135,(anonymous_12)
FN:145,(anonymous_13)
FN:150,(anonymous_14)
FN:158,(anonymous_15)
FNF:15
FNH:2
FNDA:3,(anonymous_1)
FNDA:3,(anonymous_2)
FNDA:0,(anonymous_3)
FNDA:0,(anonymous_4)
FNDA:0,(anonymous_5)
FNDA:0,(anonymous_6)
FNDA:0,(anonymous_7)
FNDA:0,(anonymous_8)
FNDA:0,(anonymous_9)
FNDA:0,(anonymous_10)
FNDA:0,(anonymous_11)
FNDA:0,(anonymous_12)
FNDA:0,(anonymous_13)
FNDA:0,(anonymous_14)
FNDA:0,(anonymous_15)
DA:1,1
DA:2,1
DA:3,1
DA:4,1
DA:6,1
DA:10,1
DA:11,3
DA:13,3
DA:15,3
DA:23,1
DA:24,0
DA:25,0
DA:26,0
DA:29,0
DA:30,0
DA:31,0
DA:33,0
DA:34,0
DA:37,0
DA:38,0
DA:41,0
DA:47,0
DA:50,0
DA:51,0
DA:53,0
DA:59,1
DA:60,0
DA:64,1
DA:65,0
DA:67,0
DA:73,0
DA:74,0
DA:75,0
DA:76,0
DA:78,0
DA:87,1
DA:88,0
DA:89,0
DA:91,0
DA:93,0
DA:94,0
DA:96,0
DA:97,0
DA:99,0
DA:107,1
DA:108,0
DA:109,0
DA:110,0
DA:111,0
DA:114,0
DA:115,0
DA:116,0
DA:118,0
DA:119,0
DA:122,0
DA:123,0
DA:126,0
DA:128,0
DA:129,0
DA:131,0
DA:132,0
DA:134,0
DA:136,0
DA:138,0
DA:145,1
DA:146,0
DA:147,0
DA:149,0
DA:151,0
DA:152,0
DA:154,0
DA:155,0
DA:157,0
DA:159,0
DA:161,0
DA:168,1
LF:76
LH:16
BRDA:30,1,0,0
BRDA:30,1,1,0
BRDA:33,2,0,0
BRDA:33,2,1,0
BRDA:75,3,0,0
BRDA:75,3,1,0
BRDA:93,4,0,0
BRDA:93,4,1,0
BRDA:96,5,0,0
BRDA:96,5,1,0
BRDA:115,6,0,0
BRDA:115,6,1,0
BRDA:118,7,0,0
BRDA:118,7,1,0
BRDA:128,8,0,0
BRDA:128,8,1,0
BRDA:131,9,0,0
BRDA:131,9,1,0
BRDA:151,10,0,0
BRDA:151,10,1,0
BRDA:154,11,0,0
BRDA:154,11,1,0
BRF:22
BRH:0
end_of_record
TN:
SF:/home/bobwen/project/myblog/models/posts.js
FN:8,(anonymous_1)
FN:9,(anonymous_2)
FN:14,(anonymous_3)
FN:24,(anonymous_4)
FN:25,(anonymous_5)
FN:26,(anonymous_6)
FN:32,(anonymous_7)
FN:34,(anonymous_8)
FN:45,create
FN:50,getPostById
FN:61,getPosts
FN:77,incPv
FN:84,getRawPostById
FN:92,updatePostById
FN:98,delPostById
FN:101,(anonymous_16)
FNF:16
FNH:6
FNDA:3,(anonymous_1)
FNDA:6,(anonymous_2)
FNDA:0,(anonymous_3)
FNDA:3,(anonymous_4)
FNDA:6,(anonymous_5)
FNDA:6,(anonymous_6)
FNDA:0,(anonymous_7)
FNDA:0,(anonymous_8)
FNDA:0,create
FNDA:0,getPostById
FNDA:3,getPosts
FNDA:0,incPv
FNDA:0,getRawPostById
FNDA:0,updatePostById
FNDA:0,delPostById
FNDA:0,(anonymous_16)
DA:1,1
DA:2,1
DA:3,1
DA:7,1
DA:9,3
DA:10,6
DA:11,6
DA:15,0
DA:16,0
DA:18,0
DA:23,1
DA:25,3
DA:26,6
DA:27,6
DA:28,6
DA:33,0
DA:34,0
DA:35,0
DA:36,0
DA:39,0
DA:43,1
DA:46,0
DA:51,0
DA:62,3
DA:63,3
DA:64,0
DA:66,3
DA:78,0
DA:85,0
DA:93,0
DA:99,0
DA:103,0
DA:104,0
LF:33
LH:16
BRDA:15,1,0,0
BRDA:15,1,1,0
BRDA:33,2,0,0
BRDA:33,2,1,0
BRDA:63,3,0,0
BRDA:63,3,1,3
BRDA:103,4,0,0
BRDA:103,4,1,0
BRDA:103,5,0,0
BRDA:103,5,1,0
BRF:10
BRH:1
end_of_record
TN:
SF:/home/bobwen/project/myblog/models/comments.js
FN:6,(anonymous_1)
FN:7,(anonymous_2)
FN:16,create
FN:21,getCommentById
FN:26,delCommentById
FN:31,delCommentsByPostId
FN:36,getComments
FN:47,getCommentsCount
FNF:8
FNH:1
FNDA:0,(anonymous_1)
FNDA:0,(anonymous_2)
FNDA:0,create
FNDA:0,getCommentById
FNDA:0,delCommentById
FNDA:0,delCommentsByPostId
FNDA:0,getComments
FNDA:6,getCommentsCount
DA:1,1
DA:2,1
DA:5,1
DA:7,0
DA:8,0
DA:9,0
DA:14,1
DA:17,0
DA:22,0
DA:27,0
DA:32,0
DA:37,0
DA:48,6
LF:13
LH:5
BRF:0
BRH:0
end_of_record
TN:
SF:/home/bobwen/project/myblog/routes/comments.js
FN:8,(anonymous_1)
FN:30,(anonymous_2)
FN:39,(anonymous_3)
FN:44,(anonymous_4)
FN:52,(anonymous_5)
FNF:5
FNH:0
FNDA:0,(anonymous_1)
FNDA:0,(anonymous_2)
FNDA:0,(anonymous_3)
FNDA:0,(anonymous_4)
FNDA:0,(anonymous_5)
DA:1,1
DA:2,1
DA:4,1
DA:5,1
DA:8,1
DA:9,0
DA:10,0
DA:11,0
DA:14,0
DA:15,0
DA:16,0
DA:19,0
DA:20,0
DA:23,0
DA:29,0
DA:31,0
DA:33,0
DA:39,1
DA:40,0
DA:41,0
DA:43,0
DA:45,0
DA:46,0
DA:48,0
DA:49,0
DA:51,0
DA:53,0
DA:55,0
DA:61,1
LF:29
LH:7
BRDA:15,1,0,0
BRDA:15,1,1,0
BRDA:45,2,0,0
BRDA:45,2,1,0
BRDA:48,3,0,0
BRDA:48,3,1,0
BRF:6
BRH:0
end_of_record
